[18:39:08] Initialization completed
[18:39:10] Vous avez choisi un Warrior
[18:39:16] =========================
[18:39:16] Hero's name : Chandra
[18:39:16] =========================
[18:39:16] Strength : 10
[18:39:16] Health : 100.000000
[18:39:16] Agility : 5
[18:39:16] Intelligence : 5
[18:39:16] Object : 
[18:39:16] Shield(3)
[18:39:16] =========================

[18:39:34] Potion(3)
[18:41:01] Shield(7)
[18:41:12] Vous mettez l'object en haut de votre sac
[18:41:15] Vous vous reposez et regagnez de HP et du Mana
[18:41:18] =========================
[18:41:18] Hero's name : Chandra
[18:41:18] =========================
[18:41:18] Strength : 10
[18:41:18] Health : 100.000000
[18:41:18] Agility : 5
[18:41:18] Intelligence : 5
[18:41:18] Object : 
[18:41:18] Shield(3)
[18:41:18] =========================

[18:41:58] Shield(7)
