[17:14:14] Initialization completed
[17:14:15] Vous avez choisi un Warrior
[17:14:22] =========================
[17:14:22] Hero's name : Chandra
[17:14:22] =========================
[17:14:22] Strength : 10
[17:14:22] Health : 100.000000
[17:14:22] Agility : 5
[17:14:22] Intelligence : 5
[17:14:22] Object : 
[17:14:22] Shield(5)
[17:14:22] =========================

[17:18:46] Shield(5)
[17:19:08] L'object n'est pas utile vous le laissez par terre
[17:19:11] Vous vous reposez et regagnez de HP et du Mana
[17:19:14] =========================
[17:19:14] Hero's name : Chandra
[17:19:14] =========================
[17:19:14] Strength : 10
[17:19:14] Health : 100.000000
[17:19:14] Agility : 5
[17:19:14] Intelligence : 5
[17:19:14] Object : 
[17:19:14] Shield(5)
[17:19:14] =========================

[17:20:39] Potion(3)
[17:21:17] Sword(8)
[17:21:22] Vous mettez l'object en haut de votre sac
[17:21:25] Vous vous reposez et regagnez de HP et du Mana
[17:21:28] =========================
[17:21:28] Hero's name : Chandra
[17:21:28] =========================
[17:21:28] Strength : 10
[17:21:28] Health : 100.000000
[17:21:28] Agility : 5
[17:21:28] Intelligence : 5
[17:21:28] Object : 
[17:21:28] Shield(5)
[17:21:28] =========================

[17:22:07] Sword(8)
